  Pong.cpp
C:\Users\Usuario\OneDrive\Documentos\Projetos\Pong\PongGame\Dependencies\SFML\include\SFML\Graphics\Color.inl(75,17): error C3615: A função constexpr 'sf::operator +' não pode resultar em uma expressão constante
  (compilando o arquivo fonte 'Pong.cpp')
  C:\Users\Usuario\OneDrive\Documentos\Projetos\Pong\PongGame\Dependencies\SFML\include\SFML\Graphics\Color.inl(77,16):
  a falha ocorreu porque o tipo 'const sf::+::<lambda_1>' não é um tipo literal
  C:\Users\Usuario\OneDrive\Documentos\Projetos\Pong\PongGame\Dependencies\SFML\include\SFML\Graphics\Color.inl(81,5):
  o tipo 'sf::+::<lambda_1>' não é um tipo literal porque não é um tipo de agregação, um tipo de fechamento ou não tem um construtor constexpr que não seja um construtor de movimentação ou cópia
  
C:\Users\Usuario\OneDrive\Documentos\Projetos\Pong\PongGame\Dependencies\SFML\include\SFML\Graphics\Color.inl(91,17): error C3615: A função constexpr 'sf::operator -' não pode resultar em uma expressão constante
  (compilando o arquivo fonte 'Pong.cpp')
  C:\Users\Usuario\OneDrive\Documentos\Projetos\Pong\PongGame\Dependencies\SFML\include\SFML\Graphics\Color.inl(93,16):
  a falha ocorreu porque o tipo 'const sf::-::<lambda_1>' não é um tipo literal
  C:\Users\Usuario\OneDrive\Documentos\Projetos\Pong\PongGame\Dependencies\SFML\include\SFML\Graphics\Color.inl(97,5):
  o tipo 'sf::-::<lambda_1>' não é um tipo literal porque não é um tipo de agregação, um tipo de fechamento ou não tem um construtor constexpr que não seja um construtor de movimentação ou cópia
  
C:\Users\Usuario\OneDrive\Documentos\Projetos\Pong\PongGame\Dependencies\SFML\include\SFML\Graphics\Color.inl(107,17): error C3615: A função constexpr 'sf::operator *' não pode resultar em uma expressão constante
  (compilando o arquivo fonte 'Pong.cpp')
  C:\Users\Usuario\OneDrive\Documentos\Projetos\Pong\PongGame\Dependencies\SFML\include\SFML\Graphics\Color.inl(109,16):
  a falha ocorreu porque o tipo 'const sf::*::<lambda_1>' não é um tipo literal
  C:\Users\Usuario\OneDrive\Documentos\Projetos\Pong\PongGame\Dependencies\SFML\include\SFML\Graphics\Color.inl(113,5):
  o tipo 'sf::*::<lambda_1>' não é um tipo literal porque não é um tipo de agregação, um tipo de fechamento ou não tem um construtor constexpr que não seja um construtor de movimentação ou cópia
  
C:\Users\Usuario\OneDrive\Documentos\Projetos\Pong\PongGame\Dependencies\SFML\include\SFML\Graphics\Color.inl(146,31): error C7525: variáveis embutidas exigem pelo menos '/std:c++17'
  (compilando o arquivo fonte 'Pong.cpp')
  
C:\Users\Usuario\OneDrive\Documentos\Projetos\Pong\PongGame\Dependencies\SFML\include\SFML\Graphics\Color.inl(147,31): error C7525: variáveis embutidas exigem pelo menos '/std:c++17'
  (compilando o arquivo fonte 'Pong.cpp')
  
C:\Users\Usuario\OneDrive\Documentos\Projetos\Pong\PongGame\Dependencies\SFML\include\SFML\Graphics\Color.inl(148,31): error C7525: variáveis embutidas exigem pelo menos '/std:c++17'
  (compilando o arquivo fonte 'Pong.cpp')
  
C:\Users\Usuario\OneDrive\Documentos\Projetos\Pong\PongGame\Dependencies\SFML\include\SFML\Graphics\Color.inl(149,31): error C7525: variáveis embutidas exigem pelo menos '/std:c++17'
  (compilando o arquivo fonte 'Pong.cpp')
  
C:\Users\Usuario\OneDrive\Documentos\Projetos\Pong\PongGame\Dependencies\SFML\include\SFML\Graphics\Color.inl(150,31): error C7525: variáveis embutidas exigem pelo menos '/std:c++17'
  (compilando o arquivo fonte 'Pong.cpp')
  
C:\Users\Usuario\OneDrive\Documentos\Projetos\Pong\PongGame\Dependencies\SFML\include\SFML\Graphics\Color.inl(151,31): error C7525: variáveis embutidas exigem pelo menos '/std:c++17'
  (compilando o arquivo fonte 'Pong.cpp')
  
C:\Users\Usuario\OneDrive\Documentos\Projetos\Pong\PongGame\Dependencies\SFML\include\SFML\Graphics\Color.inl(152,31): error C7525: variáveis embutidas exigem pelo menos '/std:c++17'
  (compilando o arquivo fonte 'Pong.cpp')
  
C:\Users\Usuario\OneDrive\Documentos\Projetos\Pong\PongGame\Dependencies\SFML\include\SFML\Graphics\Color.inl(153,31): error C7525: variáveis embutidas exigem pelo menos '/std:c++17'
  (compilando o arquivo fonte 'Pong.cpp')
  
C:\Users\Usuario\OneDrive\Documentos\Projetos\Pong\PongGame\Dependencies\SFML\include\SFML\Graphics\Color.inl(154,31): error C7525: variáveis embutidas exigem pelo menos '/std:c++17'
  (compilando o arquivo fonte 'Pong.cpp')
  
C:\Users\Usuario\OneDrive\Documentos\Projetos\Pong\PongGame\Dependencies\SFML\include\SFML\System\Angle.inl(272,31): error C7525: variáveis embutidas exigem pelo menos '/std:c++17'
  (compilando o arquivo fonte 'Pong.cpp')
  
C:\Program Files\Microsoft Visual Studio\2022\Community\VC\Tools\MSVC\14.39.33519\include\optional(11): warning STL4038: The contents of <optional> are available only with C++17 or later.
C:\Users\Usuario\OneDrive\Documentos\Projetos\Pong\PongGame\Dependencies\SFML\include\SFML\Graphics\Rect.hpp(98,34): error C2039: ' optional': não é um membro de 'std'
  (compilando o arquivo fonte 'Pong.cpp')
  C:\Program Files\Microsoft Visual Studio\2022\Community\VC\Tools\MSVC\14.39.33519\include\memory(31,1):
  consulte a declaração de 'std'
  C:\Users\Usuario\OneDrive\Documentos\Projetos\Pong\PongGame\Dependencies\SFML\include\SFML\Graphics\Rect.hpp(98,34):
  o contexto de instanciação do modelo (o mais antigo primeiro) é
  	C:\Users\Usuario\OneDrive\Documentos\Projetos\Pong\PongGame\Dependencies\SFML\include\SFML\Graphics\Rect.hpp(42,7):
  	ao compilar o modelo de classe 'sf::Rect'
  
C:\Users\Usuario\OneDrive\Documentos\Projetos\Pong\PongGame\Dependencies\SFML\include\SFML\Graphics\Rect.hpp(98,42): error C2143: erro de sintaxe: ';' ausente antes de '<'
  (compilando o arquivo fonte 'Pong.cpp')
  
C:\Users\Usuario\OneDrive\Documentos\Projetos\Pong\PongGame\Dependencies\SFML\include\SFML\Graphics\Rect.hpp(98,1): error C4430: faltando especificador de tipo - int assumido. Observação: C++ não suporta default-int
  (compilando o arquivo fonte 'Pong.cpp')
  
C:\Users\Usuario\OneDrive\Documentos\Projetos\Pong\PongGame\Dependencies\SFML\include\SFML\Graphics\Rect.hpp(98,34): error C2178: 'sf::Rect<T>::optional' não pode ser declarado com o especificador 'constexpr'
  (compilando o arquivo fonte 'Pong.cpp')
  
C:\Users\Usuario\OneDrive\Documentos\Projetos\Pong\PongGame\Dependencies\SFML\include\SFML\Graphics\Rect.hpp(98,1): warning C4869: 'nodiscard' pode ser aplicado somente a classes, enumerações e funções
  (compilando o arquivo fonte 'Pong.cpp')
  
C:\Users\Usuario\OneDrive\Documentos\Projetos\Pong\PongGame\Dependencies\SFML\include\SFML\Graphics\Rect.hpp(98,100): error C2238: token(s) inesperado(s) precedendo ';'
  (compilando o arquivo fonte 'Pong.cpp')
  
C:\Users\Usuario\OneDrive\Documentos\Projetos\Pong\PongGame\Dependencies\SFML\include\SFML\Graphics\Rect.inl(71,16): error C2039: ' optional': não é um membro de 'std'
  (compilando o arquivo fonte 'Pong.cpp')
  C:\Program Files\Microsoft Visual Studio\2022\Community\VC\Tools\MSVC\14.39.33519\include\memory(31,1):
  consulte a declaração de 'std'
  
C:\Users\Usuario\OneDrive\Documentos\Projetos\Pong\PongGame\Dependencies\SFML\include\SFML\Graphics\Rect.inl(71,24): error C2988: declaração/definição de template irreconhecível
  (compilando o arquivo fonte 'Pong.cpp')
  
C:\Users\Usuario\OneDrive\Documentos\Projetos\Pong\PongGame\Dependencies\SFML\include\SFML\Graphics\Rect.inl(71,24): error C2143: erro de sintaxe: ';' ausente antes de '<'
  (compilando o arquivo fonte 'Pong.cpp')
  
C:\Users\Usuario\OneDrive\Documentos\Projetos\Pong\PongGame\Dependencies\SFML\include\SFML\Graphics\Rect.inl(71,1): error C4430: faltando especificador de tipo - int assumido. Observação: C++ não suporta default-int
  (compilando o arquivo fonte 'Pong.cpp')
  
C:\Users\Usuario\OneDrive\Documentos\Projetos\Pong\PongGame\Dependencies\SFML\include\SFML\Graphics\Rect.inl(71,24): error C2059: erro de sintaxe: '<'
  (compilando o arquivo fonte 'Pong.cpp')
  
C:\Users\Usuario\OneDrive\Documentos\Projetos\Pong\PongGame\Dependencies\SFML\include\SFML\Graphics\Rect.inl(71,30): error C2065: 'T': identificador não declarado
  (compilando o arquivo fonte 'Pong.cpp')
  
C:\Users\Usuario\OneDrive\Documentos\Projetos\Pong\PongGame\Dependencies\SFML\include\SFML\Graphics\Rect.inl(71,25): error C2923: 'sf::Rect': 'T' não é um argumento do tipo modelo válido para o parâmetro 'T'
  (compilando o arquivo fonte 'Pong.cpp')
  C:\Users\Usuario\OneDrive\Documentos\Projetos\Pong\PongGame\Dependencies\SFML\include\SFML\Graphics\Rect.inl(71,30):
  consulte a declaração de 'T'
  
C:\Users\Usuario\OneDrive\Documentos\Projetos\Pong\PongGame\Dependencies\SFML\include\SFML\Graphics\Rect.inl(71,39): error C2065: 'T': identificador não declarado
  (compilando o arquivo fonte 'Pong.cpp')
  
C:\Users\Usuario\OneDrive\Documentos\Projetos\Pong\PongGame\Dependencies\SFML\include\SFML\Graphics\Rect.inl(71,34): error C2923: 'sf::Rect': 'T' não é um argumento do tipo modelo válido para o parâmetro 'T'
  (compilando o arquivo fonte 'Pong.cpp')
  C:\Users\Usuario\OneDrive\Documentos\Projetos\Pong\PongGame\Dependencies\SFML\include\SFML\Graphics\Rect.inl(71,39):
  consulte a declaração de 'T'
  
C:\Users\Usuario\OneDrive\Documentos\Projetos\Pong\PongGame\Dependencies\SFML\include\SFML\Graphics\Rect.inl(71,71): error C2065: 'T': identificador não declarado
  (compilando o arquivo fonte 'Pong.cpp')
  
C:\Users\Usuario\OneDrive\Documentos\Projetos\Pong\PongGame\Dependencies\SFML\include\SFML\Graphics\Rect.inl(71,66): error C2923: 'sf::Rect': 'T' não é um argumento do tipo modelo válido para o parâmetro 'T'
  (compilando o arquivo fonte 'Pong.cpp')
  C:\Users\Usuario\OneDrive\Documentos\Projetos\Pong\PongGame\Dependencies\SFML\include\SFML\Graphics\Rect.inl(71,71):
  consulte a declaração de 'T'
  
C:\Users\Usuario\OneDrive\Documentos\Projetos\Pong\PongGame\Dependencies\SFML\include\SFML\Graphics\Rect.inl(72,1): error C2143: erro de sintaxe: ';' ausente antes de '{'
  (compilando o arquivo fonte 'Pong.cpp')
  
C:\Users\Usuario\OneDrive\Documentos\Projetos\Pong\PongGame\Dependencies\SFML\include\SFML\Graphics\Rect.inl(72,1): error C2447: '{': faltando cabeçalho de função (lista formal de estilo antigo?)
  (compilando o arquivo fonte 'Pong.cpp')
  
C:\Users\Usuario\OneDrive\Documentos\Projetos\Pong\PongGame\Dependencies\SFML\include\SFML\Graphics\Transform.inl(52,35): error C3615: A função constexpr 'sf::Transform::getMatrix' não pode resultar em uma expressão constante
  (compilando o arquivo fonte 'Pong.cpp')
  C:\Users\Usuario\OneDrive\Documentos\Projetos\Pong\PongGame\Dependencies\SFML\include\SFML\Graphics\Transform.inl(54,25):
  a falha foi causada pela chamada de uma função indefinida ou não declarada 'constexpr'
  C:\Users\Usuario\OneDrive\Documentos\Projetos\Pong\PongGame\Dependencies\SFML\include\SFML\Graphics\Transform.inl(54,25):
  consulte uso de 'std::array<float,16>::data'
  
C:\Users\Usuario\OneDrive\Documentos\Projetos\Pong\PongGame\Dependencies\SFML\include\SFML\Graphics\Rect.hpp(98,34): error C2178: 'sf::Rect<float>::optional' não pode ser declarado com o especificador 'constexpr'
  (compilando o arquivo fonte 'Pong.cpp')
  
C:\Users\Usuario\OneDrive\Documentos\Projetos\Pong\PongGame\Dependencies\SFML\include\SFML\Graphics\Transform.inl(101,31): error C2514: 'std::array': não é possível construir o modelo de classe
  (compilando o arquivo fonte 'Pong.cpp')
  C:\Program Files\Microsoft Visual Studio\2022\Community\VC\Tools\MSVC\14.39.33519\include\array(406,7):
  consulte a declaração de 'std::array'
  
C:\Users\Usuario\OneDrive\Documentos\Projetos\Pong\PongGame\Dependencies\SFML\include\SFML\Graphics\Transform.inl(107,21): error C2678: '[' binário : nenhum operador encontrado que receba um operando de lado esquerdo do tipo 'const std::array' (ou não há conversão aceitável)
  (compilando o arquivo fonte 'Pong.cpp')
  C:\Program Files\Microsoft Visual Studio\2022\Community\VC\Tools\MSVC\14.39.33519\include\array(539,42):
  poderia ser 'const _Ty &std::array<_Ty,_Size>::operator [](std::array<_Ty,_Size>::size_type) noexcept const'
  	C:\Users\Usuario\OneDrive\Documentos\Projetos\Pong\PongGame\Dependencies\SFML\include\SFML\Graphics\Transform.inl(107,21):
  	'const _Ty &std::array<_Ty,_Size>::operator [](std::array<_Ty,_Size>::size_type) noexcept const': não é possível converter ponteiro 'this' de 'const std::array' para 'const std::array<_Ty,_Size> &'
  		C:\Users\Usuario\OneDrive\Documentos\Projetos\Pong\PongGame\Dependencies\SFML\include\SFML\Graphics\Transform.inl(107,21):
  		Razão: não é possível converter de 'const std::array' para 'const std::array<_Ty,_Size>'
  		C:\Users\Usuario\OneDrive\Documentos\Projetos\Pong\PongGame\Dependencies\SFML\include\SFML\Graphics\Transform.inl(107,21):
  		Conversão requer um segundo operador de conversão definida pelo usuário ou construtor
  C:\Program Files\Microsoft Visual Studio\2022\Community\VC\Tools\MSVC\14.39.33519\include\array(531,39):
  ou       '_Ty &std::array<_Ty,_Size>::operator [](std::array<_Ty,_Size>::size_type) noexcept'
  	C:\Users\Usuario\OneDrive\Documentos\Projetos\Pong\PongGame\Dependencies\SFML\include\SFML\Graphics\Transform.inl(107,21):
  	'_Ty &std::array<_Ty,_Size>::operator [](std::array<_Ty,_Size>::size_type) noexcept': não é possível converter ponteiro 'this' de 'const std::array' para 'std::array<_Ty,_Size> &'
  		C:\Users\Usuario\OneDrive\Documentos\Projetos\Pong\PongGame\Dependencies\SFML\include\SFML\Graphics\Transform.inl(107,21):
  		Razão: não é possível converter de 'const std::array' para 'std::array<_Ty,_Size>'
  		C:\Users\Usuario\OneDrive\Documentos\Projetos\Pong\PongGame\Dependencies\SFML\include\SFML\Graphics\Transform.inl(107,21):
  		Conversão requer um segundo operador de conversão definida pelo usuário ou construtor
  C:\Users\Usuario\OneDrive\Documentos\Projetos\Pong\PongGame\Dependencies\SFML\include\SFML\Graphics\Transform.inl(107,21):
  ao tentar corresponder a lista de argumentos '(const std::array, int)'
  
C:\Users\Usuario\OneDrive\Documentos\Projetos\Pong\PongGame\Dependencies\SFML\include\SFML\Graphics\Transform.inl(108,21): error C2678: '[' binário : nenhum operador encontrado que receba um operando de lado esquerdo do tipo 'const std::array' (ou não há conversão aceitável)
  (compilando o arquivo fonte 'Pong.cpp')
  C:\Program Files\Microsoft Visual Studio\2022\Community\VC\Tools\MSVC\14.39.33519\include\array(539,42):
  poderia ser 'const _Ty &std::array<_Ty,_Size>::operator [](std::array<_Ty,_Size>::size_type) noexcept const'
  	C:\Users\Usuario\OneDrive\Documentos\Projetos\Pong\PongGame\Dependencies\SFML\include\SFML\Graphics\Transform.inl(108,21):
  	'const _Ty &std::array<_Ty,_Size>::operator [](std::array<_Ty,_Size>::size_type) noexcept const': não é possível converter ponteiro 'this' de 'const std::array' para 'const std::array<_Ty,_Size> &'
  		C:\Users\Usuario\OneDrive\Documentos\Projetos\Pong\PongGame\Dependencies\SFML\include\SFML\Graphics\Transform.inl(108,21):
  		Razão: não é possível converter de 'const std::array' para 'const std::array<_Ty,_Size>'
  		C:\Users\Usuario\OneDrive\Documentos\Projetos\Pong\PongGame\Dependencies\SFML\include\SFML\Graphics\Transform.inl(108,21):
  		Conversão requer um segundo operador de conversão definida pelo usuário ou construtor
  C:\Program Files\Microsoft Visual Studio\2022\Community\VC\Tools\MSVC\14.39.33519\include\array(531,39):
  ou       '_Ty &std::array<_Ty,_Size>::operator [](std::array<_Ty,_Size>::size_type) noexcept'
  	C:\Users\Usuario\OneDrive\Documentos\Projetos\Pong\PongGame\Dependencies\SFML\include\SFML\Graphics\Transform.inl(108,21):
  	'_Ty &std::array<_Ty,_Size>::operator [](std::array<_Ty,_Size>::size_type) noexcept': não é possível converter ponteiro 'this' de 'const std::array' para 'std::array<_Ty,_Size> &'
  		C:\Users\Usuario\OneDrive\Documentos\Projetos\Pong\PongGame\Dependencies\SFML\include\SFML\Graphics\Transform.inl(108,21):
  		Razão: não é possível converter de 'const std::array' para 'std::array<_Ty,_Size>'
  		C:\Users\Usuario\OneDrive\Documentos\Projetos\Pong\PongGame\Dependencies\SFML\include\SFML\Graphics\Transform.inl(108,21):
  		Conversão requer um segundo operador de conversão definida pelo usuário ou construtor
  C:\Users\Usuario\OneDrive\Documentos\Projetos\Pong\PongGame\Dependencies\SFML\include\SFML\Graphics\Transform.inl(108,21):
  ao tentar corresponder a lista de argumentos '(const std::array, int)'
  
C:\Users\Usuario\OneDrive\Documentos\Projetos\Pong\PongGame\Dependencies\SFML\include\SFML\Graphics\Transform.inl(110,39): error C2662: 'std::array<_Ty,_Size>::size_type std::array<_Ty,_Size>::size(void) noexcept const': não é possível converter ponteiro 'this' de 'const std::array' para 'const std::array<_Ty,_Size> &'
  (compilando o arquivo fonte 'Pong.cpp')
  C:\Users\Usuario\OneDrive\Documentos\Projetos\Pong\PongGame\Dependencies\SFML\include\SFML\Graphics\Transform.inl(110,33):
  Razão: não é possível converter de 'const std::array' para 'const std::array<_Ty,_Size>'
  C:\Users\Usuario\OneDrive\Documentos\Projetos\Pong\PongGame\Dependencies\SFML\include\SFML\Graphics\Transform.inl(110,33):
  Conversão requer um segundo operador de conversão definida pelo usuário ou construtor
  C:\Program Files\Microsoft Visual Studio\2022\Community\VC\Tools\MSVC\14.39.33519\include\array(503,36):
  consulte a declaração de 'std::array<_Ty,_Size>::size'
  C:\Users\Usuario\OneDrive\Documentos\Projetos\Pong\PongGame\Dependencies\SFML\include\SFML\Graphics\Transform.inl(110,39):
  ao tentar corresponder a lista de argumentos '()'
  
C:\Users\Usuario\OneDrive\Documentos\Projetos\Pong\PongGame\Dependencies\SFML\include\SFML\Graphics\Transform.inl(113,18): error C2678: '[' binário : nenhum operador encontrado que receba um operando de lado esquerdo do tipo 'const std::array' (ou não há conversão aceitável)
  (compilando o arquivo fonte 'Pong.cpp')
  C:\Program Files\Microsoft Visual Studio\2022\Community\VC\Tools\MSVC\14.39.33519\include\array(539,42):
  poderia ser 'const _Ty &std::array<_Ty,_Size>::operator [](std::array<_Ty,_Size>::size_type) noexcept const'
  	C:\Users\Usuario\OneDrive\Documentos\Projetos\Pong\PongGame\Dependencies\SFML\include\SFML\Graphics\Transform.inl(113,18):
  	'const _Ty &std::array<_Ty,_Size>::operator [](std::array<_Ty,_Size>::size_type) noexcept const': não é possível converter ponteiro 'this' de 'const std::array' para 'const std::array<_Ty,_Size> &'
  		C:\Users\Usuario\OneDrive\Documentos\Projetos\Pong\PongGame\Dependencies\SFML\include\SFML\Graphics\Transform.inl(113,18):
  		Razão: não é possível converter de 'const std::array' para 'const std::array<_Ty,_Size>'
  		C:\Users\Usuario\OneDrive\Documentos\Projetos\Pong\PongGame\Dependencies\SFML\include\SFML\Graphics\Transform.inl(113,18):
  		Conversão requer um segundo operador de conversão definida pelo usuário ou construtor
  C:\Program Files\Microsoft Visual Studio\2022\Community\VC\Tools\MSVC\14.39.33519\include\array(531,39):
  ou       '_Ty &std::array<_Ty,_Size>::operator [](std::array<_Ty,_Size>::size_type) noexcept'
  	C:\Users\Usuario\OneDrive\Documentos\Projetos\Pong\PongGame\Dependencies\SFML\include\SFML\Graphics\Transform.inl(113,18):
  	'_Ty &std::array<_Ty,_Size>::operator [](std::array<_Ty,_Size>::size_type) noexcept': não é possível converter ponteiro 'this' de 'const std::array' para 'std::array<_Ty,_Size> &'
  		C:\Users\Usuario\OneDrive\Documentos\Projetos\Pong\PongGame\Dependencies\SFML\include\SFML\Graphics\Transform.inl(113,18):
  		Razão: não é possível converter de 'const std::array' para 'std::array<_Ty,_Size>'
  		C:\Users\Usuario\OneDrive\Documentos\Projetos\Pong\PongGame\Dependencies\SFML\include\SFML\Graphics\Transform.inl(113,18):
  		Conversão requer um segundo operador de conversão definida pelo usuário ou construtor
  C:\Users\Usuario\OneDrive\Documentos\Projetos\Pong\PongGame\Dependencies\SFML\include\SFML\Graphics\Transform.inl(113,18):
  ao tentar corresponder a lista de argumentos '(const std::array, size_t)'
  
C:\Users\Usuario\OneDrive\Documentos\Projetos\Pong\PongGame\Dependencies\SFML\include\SFML\Graphics\Transform.inl(113,49): error C2678: '[' binário : nenhum operador encontrado que receba um operando de lado esquerdo do tipo 'const std::array' (ou não há conversão aceitável)
  (compilando o arquivo fonte 'Pong.cpp')
  C:\Program Files\Microsoft Visual Studio\2022\Community\VC\Tools\MSVC\14.39.33519\include\array(539,42):
  poderia ser 'const _Ty &std::array<_Ty,_Size>::operator [](std::array<_Ty,_Size>::size_type) noexcept const'
  	C:\Users\Usuario\OneDrive\Documentos\Projetos\Pong\PongGame\Dependencies\SFML\include\SFML\Graphics\Transform.inl(113,49):
  	'const _Ty &std::array<_Ty,_Size>::operator [](std::array<_Ty,_Size>::size_type) noexcept const': não é possível converter ponteiro 'this' de 'const std::array' para 'const std::array<_Ty,_Size> &'
  		C:\Users\Usuario\OneDrive\Documentos\Projetos\Pong\PongGame\Dependencies\SFML\include\SFML\Graphics\Transform.inl(113,49):
  		Razão: não é possível converter de 'const std::array' para 'const std::array<_Ty,_Size>'
  		C:\Users\Usuario\OneDrive\Documentos\Projetos\Pong\PongGame\Dependencies\SFML\include\SFML\Graphics\Transform.inl(113,49):
  		Conversão requer um segundo operador de conversão definida pelo usuário ou construtor
  C:\Program Files\Microsoft Visual Studio\2022\Community\VC\Tools\MSVC\14.39.33519\include\array(531,39):
  ou       '_Ty &std::array<_Ty,_Size>::operator [](std::array<_Ty,_Size>::size_type) noexcept'
  	C:\Users\Usuario\OneDrive\Documentos\Projetos\Pong\PongGame\Dependencies\SFML\include\SFML\Graphics\Transform.inl(113,49):
  	'_Ty &std::array<_Ty,_Size>::operator [](std::array<_Ty,_Size>::size_type) noexcept': não é possível converter ponteiro 'this' de 'const std::array' para 'std::array<_Ty,_Size> &'
  		C:\Users\Usuario\OneDrive\Documentos\Projetos\Pong\PongGame\Dependencies\SFML\include\SFML\Graphics\Transform.inl(113,49):
  		Razão: não é possível converter de 'const std::array' para 'std::array<_Ty,_Size>'
  		C:\Users\Usuario\OneDrive\Documentos\Projetos\Pong\PongGame\Dependencies\SFML\include\SFML\Graphics\Transform.inl(113,49):
  		Conversão requer um segundo operador de conversão definida pelo usuário ou construtor
  C:\Users\Usuario\OneDrive\Documentos\Projetos\Pong\PongGame\Dependencies\SFML\include\SFML\Graphics\Transform.inl(113,49):
  ao tentar corresponder a lista de argumentos '(const std::array, size_t)'
  
C:\Users\Usuario\OneDrive\Documentos\Projetos\Pong\PongGame\Dependencies\SFML\include\SFML\Graphics\Transform.inl(114,18): error C2678: '[' binário : nenhum operador encontrado que receba um operando de lado esquerdo do tipo 'const std::array' (ou não há conversão aceitável)
  (compilando o arquivo fonte 'Pong.cpp')
  C:\Program Files\Microsoft Visual Studio\2022\Community\VC\Tools\MSVC\14.39.33519\include\array(539,42):
  poderia ser 'const _Ty &std::array<_Ty,_Size>::operator [](std::array<_Ty,_Size>::size_type) noexcept const'
  	C:\Users\Usuario\OneDrive\Documentos\Projetos\Pong\PongGame\Dependencies\SFML\include\SFML\Graphics\Transform.inl(114,18):
  	'const _Ty &std::array<_Ty,_Size>::operator [](std::array<_Ty,_Size>::size_type) noexcept const': não é possível converter ponteiro 'this' de 'const std::array' para 'const std::array<_Ty,_Size> &'
  		C:\Users\Usuario\OneDrive\Documentos\Projetos\Pong\PongGame\Dependencies\SFML\include\SFML\Graphics\Transform.inl(114,18):
  		Razão: não é possível converter de 'const std::array' para 'const std::array<_Ty,_Size>'
  		C:\Users\Usuario\OneDrive\Documentos\Projetos\Pong\PongGame\Dependencies\SFML\include\SFML\Graphics\Transform.inl(114,18):
  		Conversão requer um segundo operador de conversão definida pelo usuário ou construtor
  C:\Program Files\Microsoft Visual Studio\2022\Community\VC\Tools\MSVC\14.39.33519\include\array(531,39):
  ou       '_Ty &std::array<_Ty,_Size>::operator [](std::array<_Ty,_Size>::size_type) noexcept'
  	C:\Users\Usuario\OneDrive\Documentos\Projetos\Pong\PongGame\Dependencies\SFML\include\SFML\Graphics\Transform.inl(114,18):
  	'_Ty &std::array<_Ty,_Size>::operator [](std::array<_Ty,_Size>::size_type) noexcept': não é possível converter ponteiro 'this' de 'const std::array' para 'std::array<_Ty,_Size> &'
  		C:\Users\Usuario\OneDrive\Documentos\Projetos\Pong\PongGame\Dependencies\SFML\include\SFML\Graphics\Transform.inl(114,18):
  		Razão: não é possível converter de 'const std::array' para 'std::array<_Ty,_Size>'
  		C:\Users\Usuario\OneDrive\Documentos\Projetos\Pong\PongGame\Dependencies\SFML\include\SFML\Graphics\Transform.inl(114,18):
  		Conversão requer um segundo operador de conversão definida pelo usuário ou construtor
  C:\Users\Usuario\OneDrive\Documentos\Projetos\Pong\PongGame\Dependencies\SFML\include\SFML\Graphics\Transform.inl(114,18):
  ao tentar corresponder a lista de argumentos '(const std::array, size_t)'
  
C:\Users\Usuario\OneDrive\Documentos\Projetos\Pong\PongGame\Dependencies\SFML\include\SFML\Graphics\Transform.inl(114,49): error C2678: '[' binário : nenhum operador encontrado que receba um operando de lado esquerdo do tipo 'const std::array' (ou não há conversão aceitável)
  (compilando o arquivo fonte 'Pong.cpp')
  C:\Program Files\Microsoft Visual Studio\2022\Community\VC\Tools\MSVC\14.39.33519\include\array(539,42):
  poderia ser 'const _Ty &std::array<_Ty,_Size>::operator [](std::array<_Ty,_Size>::size_type) noexcept const'
  	C:\Users\Usuario\OneDrive\Documentos\Projetos\Pong\PongGame\Dependencies\SFML\include\SFML\Graphics\Transform.inl(114,49):
  	'const _Ty &std::array<_Ty,_Size>::operator [](std::array<_Ty,_Size>::size_type) noexcept const': não é possível converter ponteiro 'this' de 'const std::array' para 'const std::array<_Ty,_Size> &'
  		C:\Users\Usuario\OneDrive\Documentos\Projetos\Pong\PongGame\Dependencies\SFML\include\SFML\Graphics\Transform.inl(114,49):
  		Razão: não é possível converter de 'const std::array' para 'const std::array<_Ty,_Size>'
  		C:\Users\Usuario\OneDrive\Documentos\Projetos\Pong\PongGame\Dependencies\SFML\include\SFML\Graphics\Transform.inl(114,49):
  		Conversão requer um segundo operador de conversão definida pelo usuário ou construtor
  C:\Program Files\Microsoft Visual Studio\2022\Community\VC\Tools\MSVC\14.39.33519\include\array(531,39):
  ou       '_Ty &std::array<_Ty,_Size>::operator [](std::array<_Ty,_Size>::size_type) noexcept'
  	C:\Users\Usuario\OneDrive\Documentos\Projetos\Pong\PongGame\Dependencies\SFML\include\SFML\Graphics\Transform.inl(114,49):
  	'_Ty &std::array<_Ty,_Size>::operator [](std::array<_Ty,_Size>::size_type) noexcept': não é possível converter ponteiro 'this' de 'const std::array' para 'std::array<_Ty,_Size> &'
  		C:\Users\Usuario\OneDrive\Documentos\Projetos\Pong\PongGame\Dependencies\SFML\include\SFML\Graphics\Transform.inl(114,49):
  		Razão: não é possível converter de 'const std::array' para 'std::array<_Ty,_Size>'
  		C:\Users\Usuario\OneDrive\Documentos\Projetos\Pong\PongGame\Dependencies\SFML\include\SFML\Graphics\Transform.inl(114,49):
  		Conversão requer um segundo operador de conversão definida pelo usuário ou construtor
  C:\Users\Usuario\OneDrive\Documentos\Projetos\Pong\PongGame\Dependencies\SFML\include\SFML\Graphics\Transform.inl(114,49):
  ao tentar corresponder a lista de argumentos '(const std::array, size_t)'
  
C:\Users\Usuario\OneDrive\Documentos\Projetos\Pong\PongGame\Dependencies\SFML\include\SFML\Graphics\Transform.inl(116,18): error C2678: '[' binário : nenhum operador encontrado que receba um operando de lado esquerdo do tipo 'const std::array' (ou não há conversão aceitável)
  (compilando o arquivo fonte 'Pong.cpp')
  C:\Program Files\Microsoft Visual Studio\2022\Community\VC\Tools\MSVC\14.39.33519\include\array(539,42):
  poderia ser 'const _Ty &std::array<_Ty,_Size>::operator [](std::array<_Ty,_Size>::size_type) noexcept const'
  	C:\Users\Usuario\OneDrive\Documentos\Projetos\Pong\PongGame\Dependencies\SFML\include\SFML\Graphics\Transform.inl(116,18):
  	'const _Ty &std::array<_Ty,_Size>::operator [](std::array<_Ty,_Size>::size_type) noexcept const': não é possível converter ponteiro 'this' de 'const std::array' para 'const std::array<_Ty,_Size> &'
  		C:\Users\Usuario\OneDrive\Documentos\Projetos\Pong\PongGame\Dependencies\SFML\include\SFML\Graphics\Transform.inl(116,18):
  		Razão: não é possível converter de 'const std::array' para 'const std::array<_Ty,_Size>'
  		C:\Users\Usuario\OneDrive\Documentos\Projetos\Pong\PongGame\Dependencies\SFML\include\SFML\Graphics\Transform.inl(116,18):
  		Conversão requer um segundo operador de conversão definida pelo usuário ou construtor
  C:\Program Files\Microsoft Visual Studio\2022\Community\VC\Tools\MSVC\14.39.33519\include\array(531,39):
  ou       '_Ty &std::array<_Ty,_Size>::operator [](std::array<_Ty,_Size>::size_type) noexcept'
  	C:\Users\Usuario\OneDrive\Documentos\Projetos\Pong\PongGame\Dependencies\SFML\include\SFML\Graphics\Transform.inl(116,18):
  	'_Ty &std::array<_Ty,_Size>::operator [](std::array<_Ty,_Size>::size_type) noexcept': não é possível converter ponteiro 'this' de 'const std::array' para 'std::array<_Ty,_Size> &'
  		C:\Users\Usuario\OneDrive\Documentos\Projetos\Pong\PongGame\Dependencies\SFML\include\SFML\Graphics\Transform.inl(116,18):
  		Razão: não é possível converter de 'const std::array' para 'std::array<_Ty,_Size>'
  		C:\Users\Usuario\OneDrive\Documentos\Projetos\Pong\PongGame\Dependencies\SFML\include\SFML\Graphics\Transform.inl(116,18):
  		Conversão requer um segundo operador de conversão definida pelo usuário ou construtor
  C:\Users\Usuario\OneDrive\Documentos\Projetos\Pong\PongGame\Dependencies\SFML\include\SFML\Graphics\Transform.inl(116,18):
  ao tentar corresponder a lista de argumentos '(const std::array, size_t)'
  
C:\Users\Usuario\OneDrive\Documentos\Projetos\Pong\PongGame\Dependencies\SFML\include\SFML\Graphics\Transform.inl(116,49): error C2678: '[' binário : nenhum operador encontrado que receba um operando de lado esquerdo do tipo 'const std::array' (ou não há conversão aceitável)
  (compilando o arquivo fonte 'Pong.cpp')
  C:\Program Files\Microsoft Visual Studio\2022\Community\VC\Tools\MSVC\14.39.33519\include\array(539,42):
  poderia ser 'const _Ty &std::array<_Ty,_Size>::operator [](std::array<_Ty,_Size>::size_type) noexcept const'
  	C:\Users\Usuario\OneDrive\Documentos\Projetos\Pong\PongGame\Dependencies\SFML\include\SFML\Graphics\Transform.inl(116,49):
  	'const _Ty &std::array<_Ty,_Size>::operator [](std::array<_Ty,_Size>::size_type) noexcept const': não é possível converter ponteiro 'this' de 'const std::array' para 'const std::array<_Ty,_Size> &'
  		C:\Users\Usuario\OneDrive\Documentos\Projetos\Pong\PongGame\Dependencies\SFML\include\SFML\Graphics\Transform.inl(116,49):
  		Razão: não é possível converter de 'const std::array' para 'const std::array<_Ty,_Size>'
  		C:\Users\Usuario\OneDrive\Documentos\Projetos\Pong\PongGame\Dependencies\SFML\include\SFML\Graphics\Transform.inl(116,49):
  		Conversão requer um segundo operador de conversão definida pelo usuário ou construtor
  C:\Program Files\Microsoft Visual Studio\2022\Community\VC\Tools\MSVC\14.39.33519\include\array(531,39):
  ou       '_Ty &std::array<_Ty,_Size>::operator [](std::array<_Ty,_Size>::size_type) noexcept'
  	C:\Users\Usuario\OneDrive\Documentos\Projetos\Pong\PongGame\Dependencies\SFML\include\SFML\Graphics\Transform.inl(116,49):
  	'_Ty &std::array<_Ty,_Size>::operator [](std::array<_Ty,_Size>::size_type) noexcept': não é possível converter ponteiro 'this' de 'const std::array' para 'std::array<_Ty,_Size> &'
  		C:\Users\Usuario\OneDrive\Documentos\Projetos\Pong\PongGame\Dependencies\SFML\include\SFML\Graphics\Transform.inl(116,49):
  		Razão: não é possível converter de 'const std::array' para 'std::array<_Ty,_Size>'
  		C:\Users\Usuario\OneDrive\Documentos\Projetos\Pong\PongGame\Dependencies\SFML\include\SFML\Graphics\Transform.inl(116,49):
  		Conversão requer um segundo operador de conversão definida pelo usuário ou construtor
  C:\Users\Usuario\OneDrive\Documentos\Projetos\Pong\PongGame\Dependencies\SFML\include\SFML\Graphics\Transform.inl(116,49):
  ao tentar corresponder a lista de argumentos '(const std::array, size_t)'
  
C:\Users\Usuario\OneDrive\Documentos\Projetos\Pong\PongGame\Dependencies\SFML\include\SFML\Graphics\Transform.inl(117,18): error C2678: '[' binário : nenhum operador encontrado que receba um operando de lado esquerdo do tipo 'const std::array' (ou não há conversão aceitável)
  (compilando o arquivo fonte 'Pong.cpp')
  C:\Program Files\Microsoft Visual Studio\2022\Community\VC\Tools\MSVC\14.39.33519\include\array(539,42):
  poderia ser 'const _Ty &std::array<_Ty,_Size>::operator [](std::array<_Ty,_Size>::size_type) noexcept const'
  	C:\Users\Usuario\OneDrive\Documentos\Projetos\Pong\PongGame\Dependencies\SFML\include\SFML\Graphics\Transform.inl(117,18):
  	'const _Ty &std::array<_Ty,_Size>::operator [](std::array<_Ty,_Size>::size_type) noexcept const': não é possível converter ponteiro 'this' de 'const std::array' para 'const std::array<_Ty,_Size> &'
  		C:\Users\Usuario\OneDrive\Documentos\Projetos\Pong\PongGame\Dependencies\SFML\include\SFML\Graphics\Transform.inl(117,18):
  		Razão: não é possível converter de 'const std::array' para 'const std::array<_Ty,_Size>'
  		C:\Users\Usuario\OneDrive\Documentos\Projetos\Pong\PongGame\Dependencies\SFML\include\SFML\Graphics\Transform.inl(117,18):
  		Conversão requer um segundo operador de conversão definida pelo usuário ou construtor
  C:\Program Files\Microsoft Visual Studio\2022\Community\VC\Tools\MSVC\14.39.33519\include\array(531,39):
  ou       '_Ty &std::array<_Ty,_Size>::operator [](std::array<_Ty,_Size>::size_type) noexcept'
  	C:\Users\Usuario\OneDrive\Documentos\Projetos\Pong\PongGame\Dependencies\SFML\include\SFML\Graphics\Transform.inl(117,18):
  	'_Ty &std::array<_Ty,_Size>::operator [](std::array<_Ty,_Size>::size_type) noexcept': não é possível converter ponteiro 'this' de 'const std::array' para 'std::array<_Ty,_Size> &'
  		C:\Users\Usuario\OneDrive\Documentos\Projetos\Pong\PongGame\Dependencies\SFML\include\SFML\Graphics\Transform.inl(117,18):
  		Razão: não é possível converter de 'const std::array' para 'std::array<_Ty,_Size>'
  		C:\Users\Usuario\OneDrive\Documentos\Projetos\Pong\PongGame\Dependencies\SFML\include\SFML\Graphics\Transform.inl(117,18):
  		Conversão requer um segundo operador de conversão definida pelo usuário ou construtor
  C:\Users\Usuario\OneDrive\Documentos\Projetos\Pong\PongGame\Dependencies\SFML\include\SFML\Graphics\Transform.inl(117,18):
  ao tentar corresponder a lista de argumentos '(const std::array, size_t)'
  
C:\Users\Usuario\OneDrive\Documentos\Projetos\Pong\PongGame\Dependencies\SFML\include\SFML\Graphics\Transform.inl(117,49): error C2678: '[' binário : nenhum operador encontrado que receba um operando de lado esquerdo do tipo 'const std::array' (ou não há conversão aceitável)
  (compilando o arquivo fonte 'Pong.cpp')
  C:\Program Files\Microsoft Visual Studio\2022\Community\VC\Tools\MSVC\14.39.33519\include\array(539,42):
  poderia ser 'const _Ty &std::array<_Ty,_Size>::operator [](std::array<_Ty,_Size>::size_type) noexcept const'
  	C:\Users\Usuario\OneDrive\Documentos\Projetos\Pong\PongGame\Dependencies\SFML\include\SFML\Graphics\Transform.inl(117,49):
  	'const _Ty &std::array<_Ty,_Size>::operator [](std::array<_Ty,_Size>::size_type) noexcept const': não é possível converter ponteiro 'this' de 'const std::array' para 'const std::array<_Ty,_Size> &'
  		C:\Users\Usuario\OneDrive\Documentos\Projetos\Pong\PongGame\Dependencies\SFML\include\SFML\Graphics\Transform.inl(117,49):
  		Razão: não é possível converter de 'const std::array' para 'const std::array<_Ty,_Size>'
  		C:\Users\Usuario\OneDrive\Documentos\Projetos\Pong\PongGame\Dependencies\SFML\include\SFML\Graphics\Transform.inl(117,49):
  		Conversão requer um segundo operador de conversão definida pelo usuário ou construtor
  C:\Program Files\Microsoft Visual Studio\2022\Community\VC\Tools\MSVC\14.39.33519\include\array(531,39):
  ou       '_Ty &std::array<_Ty,_Size>::operator [](std::array<_Ty,_Size>::size_type) noexcept'
  	C:\Users\Usuario\OneDrive\Documentos\Projetos\Pong\PongGame\Dependencies\SFML\include\SFML\Graphics\Transform.inl(117,49):
  	'_Ty &std::array<_Ty,_Size>::operator [](std::array<_Ty,_Size>::size_type) noexcept': não é possível converter ponteiro 'this' de 'const std::array' para 'std::array<_Ty,_Size> &'
  		C:\Users\Usuario\OneDrive\Documentos\Projetos\Pong\PongGame\Dependencies\SFML\include\SFML\Graphics\Transform.inl(117,49):
  		Razão: não é possível converter de 'const std::array' para 'std::array<_Ty,_Size>'
  		C:\Users\Usuario\OneDrive\Documentos\Projetos\Pong\PongGame\Dependencies\SFML\include\SFML\Graphics\Transform.inl(117,49):
  		Conversão requer um segundo operador de conversão definida pelo usuário ou construtor
  C:\Users\Usuario\OneDrive\Documentos\Projetos\Pong\PongGame\Dependencies\SFML\include\SFML\Graphics\Transform.inl(117,49):
  ao tentar corresponder a lista de argumentos '(const std::array, size_t)'
  
C:\Users\Usuario\OneDrive\Documentos\Projetos\Pong\PongGame\Dependencies\SFML\include\SFML\Graphics\Transform.inl(98,32): error C3615: A função constexpr 'sf::Transform::transformRect' não pode resultar em uma expressão constante
  (compilando o arquivo fonte 'Pong.cpp')
  C:\Users\Usuario\OneDrive\Documentos\Projetos\Pong\PongGame\Dependencies\SFML\include\SFML\Graphics\Transform.inl(101,22):
  a falha ocorreu porque o tipo 'const std::array' não é um tipo literal
  C:\Program Files\Microsoft Visual Studio\2022\Community\VC\Tools\MSVC\14.39.33519\include\array(406,7):
  o tipo 'std::array' não é um tipo literal porque não é um tipo de agregação, um tipo de fechamento ou não tem um construtor constexpr que não seja um construtor de movimentação ou cópia
  C:\Users\Usuario\OneDrive\Documentos\Projetos\Pong\PongGame\Dependencies\SFML\include\SFML\Graphics\Transform.inl(98,32):
  a falha foi causada pelo controle que atingiu o fim da função constexpr
  
C:\Users\Usuario\OneDrive\Documentos\Projetos\Pong\PongGame\Dependencies\SFML\include\SFML\Graphics\Transform.inl(234,39): error C7525: variáveis embutidas exigem pelo menos '/std:c++17'
  (compilando o arquivo fonte 'Pong.cpp')
  
C:\Users\Usuario\OneDrive\Documentos\Projetos\Pong\PongGame\Dependencies\SFML\include\SFML\Graphics\Rect.hpp(98,34): error C2178: 'sf::Rect<int>::optional' não pode ser declarado com o especificador 'constexpr'
  (compilando o arquivo fonte 'Pong.cpp')
  
C:\Program Files\Microsoft Visual Studio\2022\Community\VC\Tools\MSVC\14.39.33519\include\filesystem(12): warning STL4038: The contents of <filesystem> are available only with C++17 or later.
C:\Users\Usuario\OneDrive\Documentos\Projetos\Pong\PongGame\Dependencies\SFML\include\SFML\Graphics\Texture.hpp(114,33): error C3083: 'filesystem': o símbolo à esquerda de um '::' deve ser um tipo
  (compilando o arquivo fonte 'Pong.cpp')
  
C:\Users\Usuario\OneDrive\Documentos\Projetos\Pong\PongGame\Dependencies\SFML\include\SFML\Graphics\Texture.hpp(114,45): error C2039: ' path': não é um membro de 'std'
  (compilando o arquivo fonte 'Pong.cpp')
  C:\Program Files\Microsoft Visual Studio\2022\Community\VC\Tools\MSVC\14.39.33519\include\vector(25,1):
  consulte a declaração de 'std'
  
C:\Users\Usuario\OneDrive\Documentos\Projetos\Pong\PongGame\Dependencies\SFML\include\SFML\Graphics\Texture.hpp(114,21): error C4430: faltando especificador de tipo - int assumido. Observação: C++ não suporta default-int
  (compilando o arquivo fonte 'Pong.cpp')
  
C:\Users\Usuario\OneDrive\Documentos\Projetos\Pong\PongGame\Dependencies\SFML\include\SFML\Graphics\Texture.hpp(114,49): error C2143: erro de sintaxe: ',' ausente antes de '&'
  (compilando o arquivo fonte 'Pong.cpp')
  
C:\Users\Usuario\OneDrive\Documentos\Projetos\Pong\PongGame\Dependencies\SFML\include\SFML\Graphics\Texture.hpp(137,24): error C3083: 'filesystem': o símbolo à esquerda de um '::' deve ser um tipo
  (compilando o arquivo fonte 'Pong.cpp')
  
C:\Users\Usuario\OneDrive\Documentos\Projetos\Pong\PongGame\Dependencies\SFML\include\SFML\Graphics\Texture.hpp(137,36): error C2039: ' path': não é um membro de 'std'
  (compilando o arquivo fonte 'Pong.cpp')
  C:\Program Files\Microsoft Visual Studio\2022\Community\VC\Tools\MSVC\14.39.33519\include\vector(25,1):
  consulte a declaração de 'std'
  
C:\Users\Usuario\OneDrive\Documentos\Projetos\Pong\PongGame\Dependencies\SFML\include\SFML\Graphics\Texture.hpp(137,12): error C4430: faltando especificador de tipo - int assumido. Observação: C++ não suporta default-int
  (compilando o arquivo fonte 'Pong.cpp')
  
C:\Users\Usuario\OneDrive\Documentos\Projetos\Pong\PongGame\Dependencies\SFML\include\SFML\Graphics\Texture.hpp(137,40): error C2143: erro de sintaxe: ',' ausente antes de '&'
  (compilando o arquivo fonte 'Pong.cpp')
  
C:\Users\Usuario\OneDrive\Documentos\Projetos\Pong\PongGame\Dependencies\SFML\include\SFML\Graphics\Texture.hpp(137,5): error C2535: 'sf::Texture::Texture(const int)': função membro já definida ou declarada
  (compilando o arquivo fonte 'Pong.cpp')
  C:\Users\Usuario\OneDrive\Documentos\Projetos\Pong\PongGame\Dependencies\SFML\include\SFML\Graphics\Texture.hpp(114,5):
  consulte a declaração de 'sf::Texture::Texture'
  
C:\Users\Usuario\OneDrive\Documentos\Projetos\Pong\PongGame\Dependencies\SFML\include\SFML\Graphics\Texture.hpp(304,48): error C3083: 'filesystem': o símbolo à esquerda de um '::' deve ser um tipo
  (compilando o arquivo fonte 'Pong.cpp')
  
C:\Users\Usuario\OneDrive\Documentos\Projetos\Pong\PongGame\Dependencies\SFML\include\SFML\Graphics\Texture.hpp(304,60): error C2039: ' path': não é um membro de 'std'
  (compilando o arquivo fonte 'Pong.cpp')
  C:\Program Files\Microsoft Visual Studio\2022\Community\VC\Tools\MSVC\14.39.33519\include\vector(25,1):
  consulte a declaração de 'std'
  
C:\Users\Usuario\OneDrive\Documentos\Projetos\Pong\PongGame\Dependencies\SFML\include\SFML\Graphics\Texture.hpp(304,64): error C4430: faltando especificador de tipo - int assumido. Observação: C++ não suporta default-int
  (compilando o arquivo fonte 'Pong.cpp')
  
C:\Users\Usuario\OneDrive\Documentos\Projetos\Pong\PongGame\Dependencies\SFML\include\SFML\Graphics\Texture.hpp(304,64): error C2143: erro de sintaxe: ',' ausente antes de '&'
  (compilando o arquivo fonte 'Pong.cpp')
  
C:\Users\Usuario\OneDrive\Documentos\Projetos\Pong\PongGame\Dependencies\SFML\include\SFML\Graphics\Texture.hpp(304,117): error C2143: erro de sintaxe: ')' ausente antes de '{'
  (compilando o arquivo fonte 'Pong.cpp')
  
C:\Users\Usuario\OneDrive\Documentos\Projetos\Pong\PongGame\Dependencies\SFML\include\SFML\Graphics\Texture.hpp(304,119): error C2059: erro de sintaxe: ')'
  (compilando o arquivo fonte 'Pong.cpp')
  
C:\Users\Usuario\OneDrive\Documentos\Projetos\Pong\PongGame\Dependencies\SFML\include\SFML\Graphics\Font.hpp(103,30): error C3083: 'filesystem': o símbolo à esquerda de um '::' deve ser um tipo
  (compilando o arquivo fonte 'Pong.cpp')
  
C:\Users\Usuario\OneDrive\Documentos\Projetos\Pong\PongGame\Dependencies\SFML\include\SFML\Graphics\Font.hpp(103,42): error C2039: ' path': não é um membro de 'std'
  (compilando o arquivo fonte 'Pong.cpp')
  C:\Program Files\Microsoft Visual Studio\2022\Community\VC\Tools\MSVC\14.39.33519\include\unordered_map(23,1):
  consulte a declaração de 'std'
  
C:\Users\Usuario\OneDrive\Documentos\Projetos\Pong\PongGame\Dependencies\SFML\include\SFML\Graphics\Font.hpp(103,18): error C4430: faltando especificador de tipo - int assumido. Observação: C++ não suporta default-int
  (compilando o arquivo fonte 'Pong.cpp')
  
C:\Users\Usuario\OneDrive\Documentos\Projetos\Pong\PongGame\Dependencies\SFML\include\SFML\Graphics\Font.hpp(103,46): error C2143: erro de sintaxe: ',' ausente antes de '&'
  (compilando o arquivo fonte 'Pong.cpp')
  
C:\Users\Usuario\OneDrive\Documentos\Projetos\Pong\PongGame\Dependencies\SFML\include\SFML\Graphics\Font.hpp(168,48): error C3083: 'filesystem': o símbolo à esquerda de um '::' deve ser um tipo
  (compilando o arquivo fonte 'Pong.cpp')
  
C:\Users\Usuario\OneDrive\Documentos\Projetos\Pong\PongGame\Dependencies\SFML\include\SFML\Graphics\Font.hpp(168,60): error C2039: ' path': não é um membro de 'std'
  (compilando o arquivo fonte 'Pong.cpp')
  C:\Program Files\Microsoft Visual Studio\2022\Community\VC\Tools\MSVC\14.39.33519\include\unordered_map(23,1):
  consulte a declaração de 'std'
  
C:\Users\Usuario\OneDrive\Documentos\Projetos\Pong\PongGame\Dependencies\SFML\include\SFML\Graphics\Font.hpp(168,64): error C4430: faltando especificador de tipo - int assumido. Observação: C++ não suporta default-int
  (compilando o arquivo fonte 'Pong.cpp')
  
C:\Users\Usuario\OneDrive\Documentos\Projetos\Pong\PongGame\Dependencies\SFML\include\SFML\Graphics\Font.hpp(168,64): error C2143: erro de sintaxe: ',' ausente antes de '&'
  (compilando o arquivo fonte 'Pong.cpp')
  
C:\Program Files\Microsoft Visual Studio\2022\Community\VC\Tools\MSVC\14.39.33519\include\string_view(12): warning STL4038: The contents of <string_view> are available only with C++17 or later.
C:\Users\Usuario\OneDrive\Documentos\Projetos\Pong\PongGame\Dependencies\SFML\include\SFML\Graphics\Image.hpp(103,31): error C3083: 'filesystem': o símbolo à esquerda de um '::' deve ser um tipo
  (compilando o arquivo fonte 'Pong.cpp')
  
C:\Users\Usuario\OneDrive\Documentos\Projetos\Pong\PongGame\Dependencies\SFML\include\SFML\Graphics\Image.hpp(103,43): error C2039: ' path': não é um membro de 'std'
  (compilando o arquivo fonte 'Pong.cpp')
  C:\Program Files\Microsoft Visual Studio\2022\Community\VC\Tools\MSVC\14.39.33519\include\unordered_map(23,1):
  consulte a declaração de 'std'
  
C:\Users\Usuario\OneDrive\Documentos\Projetos\Pong\PongGame\Dependencies\SFML\include\SFML\Graphics\Image.hpp(103,19): error C4430: faltando especificador de tipo - int assumido. Observação: C++ não suporta default-int
  (compilando o arquivo fonte 'Pong.cpp')
  
C:\Users\Usuario\OneDrive\Documentos\Projetos\Pong\PongGame\Dependencies\SFML\include\SFML\Graphics\Image.hpp(103,47): error C2143: erro de sintaxe: ',' ausente antes de '&'
  (compilando o arquivo fonte 'Pong.cpp')
  
C:\Users\Usuario\OneDrive\Documentos\Projetos\Pong\PongGame\Dependencies\SFML\include\SFML\Graphics\Image.hpp(175,48): error C3083: 'filesystem': o símbolo à esquerda de um '::' deve ser um tipo
  (compilando o arquivo fonte 'Pong.cpp')
  
C:\Users\Usuario\OneDrive\Documentos\Projetos\Pong\PongGame\Dependencies\SFML\include\SFML\Graphics\Image.hpp(175,60): error C2039: ' path': não é um membro de 'std'
  (compilando o arquivo fonte 'Pong.cpp')
  C:\Program Files\Microsoft Visual Studio\2022\Community\VC\Tools\MSVC\14.39.33519\include\unordered_map(23,1):
  consulte a declaração de 'std'
  
C:\Users\Usuario\OneDrive\Documentos\Projetos\Pong\PongGame\Dependencies\SFML\include\SFML\Graphics\Image.hpp(175,64): error C4430: faltando especificador de tipo - int assumido. Observação: C++ não suporta default-int
  (compilando o arquivo fonte 'Pong.cpp')
  
C:\Users\Usuario\OneDrive\Documentos\Projetos\Pong\PongGame\Dependencies\SFML\include\SFML\Graphics\Image.hpp(175,64): error C2143: erro de sintaxe: ',' ausente antes de '&'
  (compilando o arquivo fonte 'Pong.cpp')
  
C:\Users\Usuario\OneDrive\Documentos\Projetos\Pong\PongGame\Dependencies\SFML\include\SFML\Graphics\Image.hpp(227,46): error C3083: 'filesystem': o símbolo à esquerda de um '::' deve ser um tipo
  (compilando o arquivo fonte 'Pong.cpp')
  
C:\Users\Usuario\OneDrive\Documentos\Projetos\Pong\PongGame\Dependencies\SFML\include\SFML\Graphics\Image.hpp(227,58): error C2039: ' path': não é um membro de 'std'
  (compilando o arquivo fonte 'Pong.cpp')
  C:\Program Files\Microsoft Visual Studio\2022\Community\VC\Tools\MSVC\14.39.33519\include\unordered_map(23,1):
  consulte a declaração de 'std'
  
C:\Users\Usuario\OneDrive\Documentos\Projetos\Pong\PongGame\Dependencies\SFML\include\SFML\Graphics\Image.hpp(227,62): error C4430: faltando especificador de tipo - int assumido. Observação: C++ não suporta default-int
  (compilando o arquivo fonte 'Pong.cpp')
  
C:\Users\Usuario\OneDrive\Documentos\Projetos\Pong\PongGame\Dependencies\SFML\include\SFML\Graphics\Image.hpp(227,62): error C2143: erro de sintaxe: ',' ausente antes de '&'
  (compilando o arquivo fonte 'Pong.cpp')
  
C:\Users\Usuario\OneDrive\Documentos\Projetos\Pong\PongGame\Dependencies\SFML\include\SFML\Graphics\Image.hpp(245,24): error C2039: ' optional': não é um membro de 'std'
  (compilando o arquivo fonte 'Pong.cpp')
  C:\Program Files\Microsoft Visual Studio\2022\Community\VC\Tools\MSVC\14.39.33519\include\unordered_map(23,1):
  consulte a declaração de 'std'
  
C:\Users\Usuario\OneDrive\Documentos\Projetos\Pong\PongGame\Dependencies\SFML\include\SFML\Graphics\Image.hpp(245,32): error C2143: erro de sintaxe: ';' ausente antes de '<'
  (compilando o arquivo fonte 'Pong.cpp')
  
C:\Users\Usuario\OneDrive\Documentos\Projetos\Pong\PongGame\Dependencies\SFML\include\SFML\Graphics\Image.hpp(245,32): error C4430: faltando especificador de tipo - int assumido. Observação: C++ não suporta default-int
  (compilando o arquivo fonte 'Pong.cpp')
  
C:\Users\Usuario\OneDrive\Documentos\Projetos\Pong\PongGame\Dependencies\SFML\include\SFML\Graphics\Image.hpp(245,32): warning C4869: 'nodiscard' pode ser aplicado somente a classes, enumerações e funções
  (compilando o arquivo fonte 'Pong.cpp')
  
C:\Users\Usuario\OneDrive\Documentos\Projetos\Pong\PongGame\Dependencies\SFML\include\SFML\Graphics\Image.hpp(245,78): error C2039: ' string_view': não é um membro de 'std'
  (compilando o arquivo fonte 'Pong.cpp')
  C:\Program Files\Microsoft Visual Studio\2022\Community\VC\Tools\MSVC\14.39.33519\include\unordered_map(23,1):
  consulte a declaração de 'std'
  
C:\Users\Usuario\OneDrive\Documentos\Projetos\Pong\PongGame\Dependencies\SFML\include\SFML\Graphics\Image.hpp(245,103): error C2238: token(s) inesperado(s) precedendo ';'
  (compilando o arquivo fonte 'Pong.cpp')
  
C:\Users\Usuario\OneDrive\Documentos\Projetos\Pong\PongGame\Dependencies\SFML\include\SFML\System\Time.inl(282,29): error C7525: variáveis embutidas exigem pelo menos '/std:c++17'
  (compilando o arquivo fonte 'Pong.cpp')
  
C:\Users\Usuario\OneDrive\Documentos\Projetos\Pong\PongGame\Dependencies\SFML\include\SFML\Window\WindowBase.hpp(226,24): error C2039: ' optional': não é um membro de 'std'
  (compilando o arquivo fonte 'Pong.cpp')
  C:\Program Files\Microsoft Visual Studio\2022\Community\VC\Tools\MSVC\14.39.33519\include\chrono(48,1):
  consulte a declaração de 'std'
  
C:\Users\Usuario\OneDrive\Documentos\Projetos\Pong\PongGame\Dependencies\SFML\include\SFML\Window\WindowBase.hpp(226,32): error C2143: erro de sintaxe: ';' ausente antes de '<'
  (compilando o arquivo fonte 'Pong.cpp')
  
C:\Users\Usuario\OneDrive\Documentos\Projetos\Pong\PongGame\Dependencies\SFML\include\SFML\Window\WindowBase.hpp(226,32): error C4430: faltando especificador de tipo - int assumido. Observação: C++ não suporta default-int
  (compilando o arquivo fonte 'Pong.cpp')
  
C:\Users\Usuario\OneDrive\Documentos\Projetos\Pong\PongGame\Dependencies\SFML\include\SFML\Window\WindowBase.hpp(226,32): warning C4869: 'nodiscard' pode ser aplicado somente a classes, enumerações e funções
  (compilando o arquivo fonte 'Pong.cpp')
  
C:\Users\Usuario\OneDrive\Documentos\Projetos\Pong\PongGame\Dependencies\SFML\include\SFML\Window\WindowBase.hpp(226,51): error C2238: token(s) inesperado(s) precedendo ';'
  (compilando o arquivo fonte 'Pong.cpp')
  
C:\Users\Usuario\OneDrive\Documentos\Projetos\Pong\PongGame\Dependencies\SFML\include\SFML\Window\WindowBase.hpp(252,24): error C2039: ' optional': não é um membro de 'std'
  (compilando o arquivo fonte 'Pong.cpp')
  C:\Program Files\Microsoft Visual Studio\2022\Community\VC\Tools\MSVC\14.39.33519\include\chrono(48,1):
  consulte a declaração de 'std'
  
C:\Users\Usuario\OneDrive\Documentos\Projetos\Pong\PongGame\Dependencies\SFML\include\SFML\Window\WindowBase.hpp(252,32): error C2143: erro de sintaxe: ';' ausente antes de '<'
  (compilando o arquivo fonte 'Pong.cpp')
  
C:\Users\Usuario\OneDrive\Documentos\Projetos\Pong\PongGame\Dependencies\SFML\include\SFML\Window\WindowBase.hpp(252,32): error C1003: contador de erros excede 100; interrompendo compilação
  (compilando o arquivo fonte 'Pong.cpp')
  
